<?xml version="1.0" encoding="UTF-8"?>
<!-- Generated by org.testng.reporters.JUnitXMLReporter -->
<testsuite ignored="2" hostname="Chaitra" failures="0" tests="2" name="Test" time="33.208" errors="0" timestamp="2023-09-16T22:56:04 IST">
  <testcase classname="com.testscripts.demoblazeweb.Login" name="Demo" time="0.001"/>
  <testcase classname="com.testscripts.demoblazeweb.AddToCart" name="addToCartTest1" time="7.883"/>
  <testcase classname="com.genericlib.demoblazeweb.Base" name="@BeforeTest configBT" time="0.0">
    <ignored/>
  </testcase> <!-- @BeforeTest configBT -->
  <testcase classname="com.genericlib.demoblazeweb.Base" name="@AfterTest configAT" time="0.0">
    <ignored/>
  </testcase> <!-- @AfterTest configAT -->
</testsuite> <!-- Test -->
