<?xml version="1.0" encoding="UTF-8"?>
<testng-results ignored="0" total="2" passed="2" failed="0" skipped="0">
  <reporter-output>
  </reporter-output>
  <suite started-at="2023-09-16T22:55:31 IST" name="Suite" finished-at="2023-09-16T22:56:04 IST" duration-ms="33208">
    <groups>
    </groups>
    <test started-at="2023-09-16T22:55:31 IST" name="Test" finished-at="2023-09-16T22:56:04 IST" duration-ms="33208">
      <class name="com.testscripts.demoblazeweb.AddToCart">
        <test-method is-config="true" signature="configBM()[pri:0, instance:com.testscripts.demoblazeweb.AddToCart@23202fce]" started-at="2023-09-16T22:55:46 IST" name="configBM" finished-at="2023-09-16T22:55:56 IST" duration-ms="9205" status="PASS">
          <reporter-output>
          </reporter-output>
        </test-method> <!-- configBM -->
        <test-method is-config="true" signature="configBC()[pri:0, instance:com.testscripts.demoblazeweb.AddToCart@23202fce]" started-at="2023-09-16T22:55:46 IST" name="configBC" finished-at="2023-09-16T22:55:46 IST" duration-ms="0" status="PASS">
          <reporter-output>
          </reporter-output>
        </test-method> <!-- configBC -->
        <test-method signature="addToCartTest1()[pri:0, instance:com.testscripts.demoblazeweb.AddToCart@23202fce]" started-at="2023-09-16T22:55:56 IST" name="addToCartTest1" finished-at="2023-09-16T22:56:03 IST" duration-ms="7883" status="PASS">
          <reporter-output>
          </reporter-output>
        </test-method> <!-- addToCartTest1 -->
        <test-method is-config="true" signature="configAM()[pri:0, instance:com.testscripts.demoblazeweb.AddToCart@23202fce]" started-at="2023-09-16T22:56:03 IST" name="configAM" finished-at="2023-09-16T22:56:04 IST" duration-ms="633" status="PASS">
          <reporter-output>
          </reporter-output>
        </test-method> <!-- configAM -->
        <test-method is-config="true" signature="configAC()[pri:0, instance:com.testscripts.demoblazeweb.AddToCart@23202fce]" started-at="2023-09-16T22:56:04 IST" name="configAC" finished-at="2023-09-16T22:56:04 IST" duration-ms="1" status="PASS">
          <reporter-output>
          </reporter-output>
        </test-method> <!-- configAC -->
      </class> <!-- com.testscripts.demoblazeweb.AddToCart -->
      <class name="com.testscripts.demoblazeweb.Login">
        <test-method is-config="true" signature="configBT()[pri:0, instance:com.testscripts.demoblazeweb.Login@51a9ad5e]" started-at="2023-09-16T22:55:31 IST" name="configBT" finished-at="2023-09-16T22:55:36 IST" duration-ms="5268" status="PASS">
          <reporter-output>
          </reporter-output>
        </test-method> <!-- configBT -->
        <test-method is-config="true" signature="configBC()[pri:0, instance:com.testscripts.demoblazeweb.Login@51a9ad5e]" started-at="2023-09-16T22:55:36 IST" name="configBC" finished-at="2023-09-16T22:55:36 IST" duration-ms="1" status="PASS">
          <reporter-output>
          </reporter-output>
        </test-method> <!-- configBC -->
        <test-method is-config="true" signature="configBM()[pri:0, instance:com.testscripts.demoblazeweb.Login@51a9ad5e]" started-at="2023-09-16T22:55:36 IST" name="configBM" finished-at="2023-09-16T22:55:46 IST" duration-ms="9339" status="PASS">
          <reporter-output>
          </reporter-output>
        </test-method> <!-- configBM -->
        <test-method signature="Demo()[pri:0, instance:com.testscripts.demoblazeweb.Login@51a9ad5e]" started-at="2023-09-16T22:55:46 IST" name="Demo" finished-at="2023-09-16T22:55:46 IST" duration-ms="1" status="PASS">
          <reporter-output>
          </reporter-output>
        </test-method> <!-- Demo -->
        <test-method is-config="true" signature="configAM()[pri:0, instance:com.testscripts.demoblazeweb.Login@51a9ad5e]" started-at="2023-09-16T22:55:46 IST" name="configAM" finished-at="2023-09-16T22:55:46 IST" duration-ms="642" status="PASS">
          <reporter-output>
          </reporter-output>
        </test-method> <!-- configAM -->
        <test-method is-config="true" signature="configAC()[pri:0, instance:com.testscripts.demoblazeweb.Login@51a9ad5e]" started-at="2023-09-16T22:55:46 IST" name="configAC" finished-at="2023-09-16T22:55:46 IST" duration-ms="0" status="PASS">
          <reporter-output>
          </reporter-output>
        </test-method> <!-- configAC -->
        <test-method is-config="true" signature="configAT()[pri:0, instance:com.testscripts.demoblazeweb.Login@51a9ad5e]" started-at="2023-09-16T22:56:04 IST" name="configAT" finished-at="2023-09-16T22:56:04 IST" duration-ms="183" status="PASS">
          <reporter-output>
          </reporter-output>
        </test-method> <!-- configAT -->
      </class> <!-- com.testscripts.demoblazeweb.Login -->
    </test> <!-- Test -->
  </suite> <!-- Suite -->
</testng-results>
