<?xml version="1.0" encoding="UTF-8"?>
<testng-results ignored="0" total="1" passed="1" failed="0" skipped="0">
  <reporter-output>
  </reporter-output>
  <suite started-at="2023-09-16T23:41:39 IST" name="Default suite" finished-at="2023-09-16T23:41:49 IST" duration-ms="9470">
    <groups>
    </groups>
    <test started-at="2023-09-16T23:41:39 IST" name="Default test" finished-at="2023-09-16T23:41:49 IST" duration-ms="9470">
      <class name="com.testscripts.demoblazeweb.Scroll">
        <test-method signature="scollIntoView1()[pri:0, instance:com.testscripts.demoblazeweb.Scroll@4b45a2f5]" started-at="2023-09-16T23:41:39 IST" name="scollIntoView1" finished-at="2023-09-16T23:41:49 IST" duration-ms="9432" status="PASS">
          <reporter-output>
          </reporter-output>
        </test-method> <!-- scollIntoView1 -->
      </class> <!-- com.testscripts.demoblazeweb.Scroll -->
    </test> <!-- Default test -->
  </suite> <!-- Default suite -->
</testng-results>
